# JRE version: Java(TM) SE Runtime Environment (17.0.4+11) (build 17.0.4+11-LTS-179)
# Java VM: Java HotSpot(TM) 64-Bit Server VM (17.0.4+11-LTS-179, mixed mode, sharing, tiered, compressed oops, compressed class ptrs, g1 gc, windows-amd64)
GC Precious Log:
 CPUs: 8 total, 8 available
 Memory: 12180M
 Large Page Support: Disabled
 NUMA Support: Disabled
 Compressed Oops: Enabled (Zero based)
 Heap Region Size: 2M
 Heap Min Capacity: 8M
 Heap Initial Capacity: 192M
 Heap Max Capacity: 3046M
 Pre-touch: Disabled
 Parallel Workers: 8
 Concurrent Workers: 2
 Concurrent Refinement Workers: 8
 Periodic GC: Disabled
Heap:
 garbage-first heap   total 366592K, used 195541K [0x0000000741a00000, 0x0000000800000000)
  region size 2048K, 4 young (8192K), 4 survivors (8192K)
 Metaspace       used 16135K, committed 16384K, reserved 1064960K
  class space    used 1932K, committed 2048K, reserved 1048576K
GC Heap History (20 events):
Event: 400.347 GC heap after
{Heap after GC invocations=22 (full 0):
 garbage-first heap   total 366592K, used 168818K [0x0000000741a00000, 0x0000000800000000)
  region size 2048K, 5 young (10240K), 5 survivors (10240K)
 Metaspace       used 16079K, committed 16320K, reserved 1064960K
  class space    used 1931K, committed 2048K, reserved 1048576K
}
Event: 400.763 GC heap before
{Heap before GC invocations=22 (full 0):
 garbage-first heap   total 366592K, used 189298K [0x0000000741a00000, 0x0000000800000000)
  region size 2048K, 14 young (28672K), 5 survivors (10240K)
 Metaspace       used 16093K, committed 16384K, reserved 1064960K
  class space    used 1931K, committed 2048K, reserved 1048576K
}
Event: 400.777 GC heap after
{Heap after GC invocations=23 (full 0):
 garbage-first heap   total 366592K, used 173658K [0x0000000741a00000, 0x0000000800000000)
  region size 2048K, 6 young (12288K), 6 survivors (12288K)
 Metaspace       used 16093K, committed 16384K, reserved 1064960K
  class space    used 1931K, committed 2048K, reserved 1048576K
}
Event: 400.976 GC heap before
{Heap before GC invocations=23 (full 0):
 garbage-first heap   total 366592K, used 183898K [0x0000000741a00000, 0x0000000800000000)
  region size 2048K, 11 young (22528K), 6 survivors (12288K)
 Metaspace       used 16100K, committed 16384K, reserved 1064960K
  class space    used 1931K, committed 2048K, reserved 1048576K
}
Event: 400.984 GC heap after
{Heap after GC invocations=24 (full 0):
 garbage-first heap   total 366592K, used 175916K [0x0000000741a00000, 0x0000000800000000)
  region size 2048K, 4 young (8192K), 4 survivors (8192K)
 Metaspace       used 16100K, committed 16384K, reserved 1064960K
  class space    used 1931K, committed 2048K, reserved 1048576K
}
Event: 401.199 GC heap before
{Heap before GC invocations=25 (full 0):
 garbage-first heap   total 366592K, used 186156K [0x0000000741a00000, 0x0000000800000000)
  region size 2048K, 9 young (18432K), 4 survivors (8192K)
 Metaspace       used 16103K, committed 16384K, reserved 1064960K
  class space    used 1931K, committed 2048K, reserved 1048576K
}
Event: 401.207 GC heap after
{Heap after GC invocations=26 (full 0):
 garbage-first heap   total 366592K, used 177483K [0x0000000741a00000, 0x0000000800000000)
  region size 2048K, 5 young (10240K), 5 survivors (10240K)
 Metaspace       used 16103K, committed 16384K, reserved 1064960K
  class space    used 1931K, committed 2048K, reserved 1048576K
}
Event: 401.416 GC heap before
{Heap before GC invocations=27 (full 0):
 garbage-first heap   total 366592K, used 189771K [0x0000000741a00000, 0x0000000800000000)
  region size 2048K, 11 young (22528K), 5 survivors (10240K)
 Metaspace       used 16107K, committed 16384K, reserved 1064960K
  class space    used 1931K, committed 2048K, reserved 1048576K
}
Event: 401.428 GC heap after
{Heap after GC invocations=28 (full 0):
 garbage-first heap   total 366592K, used 180867K [0x0000000741a00000, 0x0000000800000000)
  region size 2048K, 5 young (10240K), 5 survivors (10240K)
 Metaspace       used 16107K, committed 16384K, reserved 1064960K
  class space    used 1931K, committed 2048K, reserved 1048576K
}
Event: 401.615 GC heap before
{Heap before GC invocations=29 (full 0):
 garbage-first heap   total 366592K, used 191107K [0x0000000741a00000, 0x0000000800000000)
  region size 2048K, 10 young (20480K), 5 survivors (10240K)
 Metaspace       used 16108K, committed 16384K, reserved 1064960K
  class space    used 1931K, committed 2048K, reserved 1048576K
}
Event: 401.623 GC heap after
{Heap after GC invocations=30 (full 0):
 garbage-first heap   total 366592K, used 183183K [0x0000000741a00000, 0x0000000800000000)
  region size 2048K, 4 young (8192K), 4 survivors (8192K)
 Metaspace       used 16108K, committed 16384K, reserved 1064960K
  class space    used 1931K, committed 2048K, reserved 1048576K
}
Event: 401.831 GC heap before
{Heap before GC invocations=31 (full 0):
 garbage-first heap   total 366592K, used 193423K [0x0000000741a00000, 0x0000000800000000)
  region size 2048K, 9 young (18432K), 4 survivors (8192K)
 Metaspace       used 16110K, committed 16384K, reserved 1064960K
  class space    used 1931K, committed 2048K, reserved 1048576K
}
Event: 401.838 GC heap after
{Heap after GC invocations=32 (full 0):
 garbage-first heap   total 366592K, used 185566K [0x0000000741a00000, 0x0000000800000000)
  region size 2048K, 5 young (10240K), 5 survivors (10240K)
 Metaspace       used 16110K, committed 16384K, reserved 1064960K
  class space    used 1931K, committed 2048K, reserved 1048576K
}
Event: 402.063 GC heap before
{Heap before GC invocations=33 (full 0):
 garbage-first heap   total 366592K, used 197854K [0x0000000741a00000, 0x0000000800000000)
  region size 2048K, 11 young (22528K), 5 survivors (10240K)
 Metaspace       used 16119K, committed 16384K, reserved 1064960K
  class space    used 1931K, committed 2048K, reserved 1048576K
}
Event: 402.072 GC heap after
{Heap after GC invocations=34 (full 0):
 garbage-first heap   total 366592K, used 188411K [0x0000000741a00000, 0x0000000800000000)
  region size 2048K, 5 young (10240K), 5 survivors (10240K)
 Metaspace       used 16119K, committed 16384K, reserved 1064960K
  class space    used 1931K, committed 2048K, reserved 1048576K
}
Event: 402.280 GC heap before
{Heap before GC invocations=35 (full 0):
 garbage-first heap   total 366592K, used 198651K [0x0000000741a00000, 0x0000000800000000)
  region size 2048K, 10 young (20480K), 5 survivors (10240K)
 Metaspace       used 16126K, committed 16384K, reserved 1064960K
  class space    used 1932K, committed 2048K, reserved 1048576K
}
Event: 402.289 GC heap after
{Heap after GC invocations=36 (full 0):
 garbage-first heap   total 366592K, used 191783K [0x0000000741a00000, 0x0000000800000000)
  region size 2048K, 5 young (10240K), 5 survivors (10240K)
 Metaspace       used 16126K, committed 16384K, reserved 1064960K
  class space    used 1932K, committed 2048K, reserved 1048576K
}
Event: 402.494 GC heap before
{Heap before GC invocations=37 (full 0):
 garbage-first heap   total 366592K, used 202023K [0x0000000741a00000, 0x0000000800000000)
  region size 2048K, 10 young (20480K), 5 survivors (10240K)
 Metaspace       used 16130K, committed 16384K, reserved 1064960K
  class space    used 1932K, committed 2048K, reserved 1048576K
}
Event: 402.503 GC heap after
{Heap after GC invocations=38 (full 0):
 garbage-first heap   total 366592K, used 193826K [0x0000000741a00000, 0x0000000800000000)
  region size 2048K, 3 young (6144K), 3 survivors (6144K)
 Metaspace       used 16130K, committed 16384K, reserved 1064960K
  class space    used 1932K, committed 2048K, reserved 1048576K
}
Event: 402.710 GC heap before
{Heap before GC invocations=39 (full 0):
 garbage-first heap   total 366592K, used 204066K [0x0000000741a00000, 0x0000000800000000)
  region size 2048K, 8 young (16384K), 3 survivors (6144K)
 Metaspace       used 16135K, committed 16384K, reserved 1064960K
  class space    used 1932K, committed 2048K, reserved 1048576K
}

