# JRE version: Java(TM) SE Runtime Environment (17.0.4+11) (build 17.0.4+11-LTS-179)
# Java VM: Java HotSpot(TM) 64-Bit Server VM (17.0.4+11-LTS-179, mixed mode, sharing, tiered, compressed oops, compressed class ptrs, g1 gc, windows-amd64)
GC Precious Log:
 CPUs: 8 total, 8 available
 Memory: 12180M
 Large Page Support: Disabled
 NUMA Support: Disabled
 Compressed Oops: Enabled (Zero based)
 Heap Region Size: 2M
 Heap Min Capacity: 8M
 Heap Initial Capacity: 192M
 Heap Max Capacity: 3046M
 Pre-touch: Disabled
 Parallel Workers: 8
 Concurrent Workers: 2
 Concurrent Refinement Workers: 8
 Periodic GC: Disabled
Heap:
 garbage-first heap   total 284672K, used 176057K [0x0000000741a00000, 0x0000000800000000)
  region size 2048K, 7 young (14336K), 2 survivors (4096K)
 Metaspace       used 9618K, committed 9728K, reserved 1064960K
  class space    used 1233K, committed 1280K, reserved 1048576K
GC Heap History (12 events):
Event: 0.712 GC heap before
{Heap before GC invocations=0 (full 0):
 garbage-first heap   total 196608K, used 22528K [0x0000000741a00000, 0x0000000800000000)
  region size 2048K, 11 young (22528K), 0 survivors (0K)
 Metaspace       used 4050K, committed 4224K, reserved 1056768K
  class space    used 426K, committed 512K, reserved 1048576K
}
Event: 0.715 GC heap after
{Heap after GC invocations=1 (full 0):
 garbage-first heap   total 196608K, used 2560K [0x0000000741a00000, 0x0000000800000000)
  region size 2048K, 2 young (4096K), 2 survivors (4096K)
 Metaspace       used 4050K, committed 4224K, reserved 1056768K
  class space    used 426K, committed 512K, reserved 1048576K
}
Event: 1.082 GC heap before
{Heap before GC invocations=1 (full 0):
 garbage-first heap   total 196608K, used 41472K [0x0000000741a00000, 0x0000000800000000)
  region size 2048K, 21 young (43008K), 2 survivors (4096K)
 Metaspace       used 8173K, committed 8320K, reserved 1064960K
  class space    used 1015K, committed 1088K, reserved 1048576K
}
Event: 1.102 GC heap after
{Heap after GC invocations=2 (full 0):
 garbage-first heap   total 196608K, used 26421K [0x0000000741a00000, 0x0000000800000000)
  region size 2048K, 3 young (6144K), 3 survivors (6144K)
 Metaspace       used 8173K, committed 8320K, reserved 1064960K
  class space    used 1015K, committed 1088K, reserved 1048576K
}
Event: 1.641 GC heap before
{Heap before GC invocations=2 (full 0):
 garbage-first heap   total 196608K, used 114485K [0x0000000741a00000, 0x0000000800000000)
  region size 2048K, 14 young (28672K), 3 survivors (6144K)
 Metaspace       used 8570K, committed 8768K, reserved 1064960K
  class space    used 1074K, committed 1152K, reserved 1048576K
}
Event: 1.665 GC heap after
{Heap after GC invocations=3 (full 0):
 garbage-first heap   total 196608K, used 114543K [0x0000000741a00000, 0x0000000800000000)
  region size 2048K, 2 young (4096K), 2 survivors (4096K)
 Metaspace       used 8570K, committed 8768K, reserved 1064960K
  class space    used 1074K, committed 1152K, reserved 1048576K
}
Event: 1.720 GC heap before
{Heap before GC invocations=4 (full 0):
 garbage-first heap   total 223232K, used 130927K [0x0000000741a00000, 0x0000000800000000)
  region size 2048K, 3 young (6144K), 2 survivors (4096K)
 Metaspace       used 8571K, committed 8768K, reserved 1064960K
  class space    used 1074K, committed 1152K, reserved 1048576K
}
Event: 1.724 GC heap after
{Heap after GC invocations=5 (full 0):
 garbage-first heap   total 223232K, used 133593K [0x0000000741a00000, 0x0000000800000000)
  region size 2048K, 1 young (2048K), 1 survivors (2048K)
 Metaspace       used 8571K, committed 8768K, reserved 1064960K
  class space    used 1074K, committed 1152K, reserved 1048576K
}
Event: 1.808 GC heap before
{Heap before GC invocations=6 (full 0):
 garbage-first heap   total 243712K, used 145881K [0x0000000741a00000, 0x0000000800000000)
  region size 2048K, 3 young (6144K), 1 survivors (2048K)
 Metaspace       used 8571K, committed 8768K, reserved 1064960K
  class space    used 1074K, committed 1152K, reserved 1048576K
}
Event: 1.812 GC heap after
{Heap after GC invocations=7 (full 0):
 garbage-first heap   total 243712K, used 148122K [0x0000000741a00000, 0x0000000800000000)
  region size 2048K, 2 young (4096K), 2 survivors (4096K)
 Metaspace       used 8571K, committed 8768K, reserved 1064960K
  class space    used 1074K, committed 1152K, reserved 1048576K
}
Event: 1.967 GC heap before
{Heap before GC invocations=8 (full 0):
 garbage-first heap   total 266240K, used 162458K [0x0000000741a00000, 0x0000000800000000)
  region size 2048K, 8 young (16384K), 2 survivors (4096K)
 Metaspace       used 8631K, committed 8768K, reserved 1064960K
  class space    used 1076K, committed 1152K, reserved 1048576K
}
Event: 1.969 GC heap after
{Heap after GC invocations=9 (full 0):
 garbage-first heap   total 266240K, used 161721K [0x0000000741a00000, 0x0000000800000000)
  region size 2048K, 2 young (4096K), 2 survivors (4096K)
 Metaspace       used 8631K, committed 8768K, reserved 1064960K
  class space    used 1076K, committed 1152K, reserved 1048576K
}

