# JRE version: Java(TM) SE Runtime Environment (17.0.4+11) (build 17.0.4+11-LTS-179)
# Java VM: Java HotSpot(TM) 64-Bit Server VM (17.0.4+11-LTS-179, mixed mode, sharing, tiered, compressed oops, compressed class ptrs, g1 gc, windows-amd64)
GC Precious Log:
 CPUs: 8 total, 8 available
 Memory: 12180M
 Large Page Support: Disabled
 NUMA Support: Disabled
 Compressed Oops: Enabled (Zero based)
 Heap Region Size: 2M
 Heap Min Capacity: 8M
 Heap Initial Capacity: 192M
 Heap Max Capacity: 3046M
 Pre-touch: Disabled
 Parallel Workers: 8
 Concurrent Workers: 2
 Concurrent Refinement Workers: 8
 Periodic GC: Disabled
Heap:
 garbage-first heap   total 415744K, used 199888K [0x0000000741a00000, 0x0000000800000000)
  region size 2048K, 15 young (30720K), 4 survivors (8192K)
 Metaspace       used 15406K, committed 15616K, reserved 1064960K
  class space    used 1869K, committed 1984K, reserved 1048576K
GC Heap History (20 events):
Event: 1.619 GC heap before
{Heap before GC invocations=4 (full 0):
 garbage-first heap   total 204800K, used 127489K [0x0000000741a00000, 0x0000000800000000)
  region size 2048K, 3 young (6144K), 2 survivors (4096K)
 Metaspace       used 8207K, committed 8384K, reserved 1064960K
  class space    used 1042K, committed 1088K, reserved 1048576K
}
Event: 1.623 GC heap after
{Heap after GC invocations=5 (full 0):
 garbage-first heap   total 204800K, used 130192K [0x0000000741a00000, 0x0000000800000000)
  region size 2048K, 1 young (2048K), 1 survivors (2048K)
 Metaspace       used 8207K, committed 8384K, reserved 1064960K
  class space    used 1042K, committed 1088K, reserved 1048576K
}
Event: 1.846 GC heap before
{Heap before GC invocations=6 (full 0):
 garbage-first heap   total 233472K, used 144528K [0x0000000741a00000, 0x0000000800000000)
  region size 2048K, 8 young (16384K), 1 survivors (2048K)
 Metaspace       used 8756K, committed 8960K, reserved 1064960K
  class space    used 1117K, committed 1216K, reserved 1048576K
}
Event: 1.849 GC heap after
{Heap after GC invocations=7 (full 0):
 garbage-first heap   total 233472K, used 142505K [0x0000000741a00000, 0x0000000800000000)
  region size 2048K, 2 young (4096K), 2 survivors (4096K)
 Metaspace       used 8756K, committed 8960K, reserved 1064960K
  class space    used 1117K, committed 1216K, reserved 1048576K
}
Event: 2.479 GC heap before
{Heap before GC invocations=8 (full 0):
 garbage-first heap   total 245760K, used 171177K [0x0000000741a00000, 0x0000000800000000)
  region size 2048K, 15 young (30720K), 2 survivors (4096K)
 Metaspace       used 11669K, committed 11904K, reserved 1064960K
  class space    used 1535K, committed 1664K, reserved 1048576K
}
Event: 2.488 GC heap after
{Heap after GC invocations=9 (full 0):
 garbage-first heap   total 245760K, used 152440K [0x0000000741a00000, 0x0000000800000000)
  region size 2048K, 2 young (4096K), 2 survivors (4096K)
 Metaspace       used 11669K, committed 11904K, reserved 1064960K
  class space    used 1535K, committed 1664K, reserved 1048576K
}
Event: 3.054 GC heap before
{Heap before GC invocations=9 (full 0):
 garbage-first heap   total 245760K, used 158584K [0x0000000741a00000, 0x0000000800000000)
  region size 2048K, 6 young (12288K), 2 survivors (4096K)
 Metaspace       used 14681K, committed 14912K, reserved 1064960K
  class space    used 1840K, committed 1920K, reserved 1048576K
}
Event: 3.060 GC heap after
{Heap after GC invocations=10 (full 0):
 garbage-first heap   total 245760K, used 154210K [0x0000000741a00000, 0x0000000800000000)
  region size 2048K, 1 young (2048K), 1 survivors (2048K)
 Metaspace       used 14681K, committed 14912K, reserved 1064960K
  class space    used 1840K, committed 1920K, reserved 1048576K
}
Event: 3.419 GC heap before
{Heap before GC invocations=11 (full 0):
 garbage-first heap   total 266240K, used 158306K [0x0000000741a00000, 0x0000000800000000)
  region size 2048K, 3 young (6144K), 1 survivors (2048K)
 Metaspace       used 14915K, committed 15168K, reserved 1064960K
  class space    used 1864K, committed 1984K, reserved 1048576K
}
Event: 3.422 GC heap after
{Heap after GC invocations=12 (full 0):
 garbage-first heap   total 266240K, used 156283K [0x0000000741a00000, 0x0000000800000000)
  region size 2048K, 1 young (2048K), 1 survivors (2048K)
 Metaspace       used 14915K, committed 15168K, reserved 1064960K
  class space    used 1864K, committed 1984K, reserved 1048576K
}
Event: 3.664 GC heap before
{Heap before GC invocations=13 (full 0):
 garbage-first heap   total 274432K, used 166523K [0x0000000741a00000, 0x0000000800000000)
  region size 2048K, 6 young (12288K), 1 survivors (2048K)
 Metaspace       used 15094K, committed 15360K, reserved 1064960K
  class space    used 1865K, committed 1984K, reserved 1048576K
}
Event: 3.671 GC heap after
{Heap after GC invocations=14 (full 0):
 garbage-first heap   total 274432K, used 161857K [0x0000000741a00000, 0x0000000800000000)
  region size 2048K, 3 young (6144K), 3 survivors (6144K)
 Metaspace       used 15094K, committed 15360K, reserved 1064960K
  class space    used 1865K, committed 1984K, reserved 1048576K
}
Event: 3.888 GC heap before
{Heap before GC invocations=15 (full 0):
 garbage-first heap   total 286720K, used 172097K [0x0000000741a00000, 0x0000000800000000)
  region size 2048K, 8 young (16384K), 3 survivors (6144K)
 Metaspace       used 15205K, committed 15424K, reserved 1064960K
  class space    used 1865K, committed 1984K, reserved 1048576K
}
Event: 3.895 GC heap after
{Heap after GC invocations=16 (full 0):
 garbage-first heap   total 286720K, used 164418K [0x0000000741a00000, 0x0000000800000000)
  region size 2048K, 4 young (8192K), 4 survivors (8192K)
 Metaspace       used 15205K, committed 15424K, reserved 1064960K
  class space    used 1865K, committed 1984K, reserved 1048576K
}
Event: 4.136 GC heap before
{Heap before GC invocations=17 (full 0):
 garbage-first heap   total 294912K, used 174658K [0x0000000741a00000, 0x0000000800000000)
  region size 2048K, 9 young (18432K), 4 survivors (8192K)
 Metaspace       used 15308K, committed 15552K, reserved 1064960K
  class space    used 1868K, committed 1984K, reserved 1048576K
}
Event: 4.145 GC heap after
{Heap after GC invocations=18 (full 0):
 garbage-first heap   total 294912K, used 166870K [0x0000000741a00000, 0x0000000800000000)
  region size 2048K, 3 young (6144K), 3 survivors (6144K)
 Metaspace       used 15308K, committed 15552K, reserved 1064960K
  class space    used 1868K, committed 1984K, reserved 1048576K
}
Event: 4.366 GC heap before
{Heap before GC invocations=19 (full 0):
 garbage-first heap   total 296960K, used 175062K [0x0000000741a00000, 0x0000000800000000)
  region size 2048K, 8 young (16384K), 3 survivors (6144K)
 Metaspace       used 15332K, committed 15616K, reserved 1064960K
  class space    used 1868K, committed 1984K, reserved 1048576K
}
Event: 4.374 GC heap after
{Heap after GC invocations=20 (full 0):
 garbage-first heap   total 296960K, used 167851K [0x0000000741a00000, 0x0000000800000000)
  region size 2048K, 4 young (8192K), 4 survivors (8192K)
 Metaspace       used 15332K, committed 15616K, reserved 1064960K
  class space    used 1868K, committed 1984K, reserved 1048576K
}
Event: 4.613 GC heap before
{Heap before GC invocations=21 (full 0):
 garbage-first heap   total 305152K, used 180139K [0x0000000741a00000, 0x0000000800000000)
  region size 2048K, 10 young (20480K), 4 survivors (8192K)
 Metaspace       used 15361K, committed 15616K, reserved 1064960K
  class space    used 1868K, committed 1984K, reserved 1048576K
}
Event: 4.622 GC heap after
{Heap after GC invocations=22 (full 0):
 garbage-first heap   total 415744K, used 171216K [0x0000000741a00000, 0x0000000800000000)
  region size 2048K, 4 young (8192K), 4 survivors (8192K)
 Metaspace       used 15361K, committed 15616K, reserved 1064960K
  class space    used 1868K, committed 1984K, reserved 1048576K
}

